# JRE version: OpenJDK Runtime Environment (8.0_212-b04) (build 1.8.0_212-release-1586-b04)
# Java VM: OpenJDK 64-Bit Server VM (25.212-b04 mixed mode windows-amd64 compressed oops)
Heap:
 PSYoungGen      total 311808K, used 269645K [0x00000000e0000000, 0x00000000f9a80000, 0x0000000100000000)
  eden space 226816K, 97% used [0x00000000e0000000,0x00000000ed891510,0x00000000edd80000)
  from space 84992K, 56% used [0x00000000edd80000,0x00000000f0c42190,0x00000000f3080000)
  to   space 86528K, 0% used [0x00000000f4600000,0x00000000f4600000,0x00000000f9a80000)
 ParOldGen       total 310272K, used 207028K [0x00000000a0000000, 0x00000000b2f00000, 0x00000000e0000000)
  object space 310272K, 66% used [0x00000000a0000000,0x00000000aca2d1b0,0x00000000b2f00000)
 Metaspace       used 86662K, capacity 90076K, committed 90408K, reserved 1128448K
  class space    used 11271K, capacity 11982K, committed 12080K, reserved 1048576K
GC Heap History (10 events):
Event: 41.194 GC heap before
{Heap before GC invocations=28 (full 4):
 PSYoungGen      total 226304K, used 226283K [0x00000000e0000000, 0x00000000f5a00000, 0x0000000100000000)
  eden space 188928K, 100% used [0x00000000e0000000,0x00000000eb880000,0x00000000eb880000)
  from space 37376K, 99% used [0x00000000eb880000,0x00000000edcfac28,0x00000000edd00000)
  to   space 60928K, 0% used [0x00000000f1e80000,0x00000000f1e80000,0x00000000f5a00000)
 ParOldGen       total 178176K, used 143750K [0x00000000a0000000, 0x00000000aae00000, 0x00000000e0000000)
  object space 178176K, 80% used [0x00000000a0000000,0x00000000a8c61988,0x00000000aae00000)
 Metaspace       used 79281K, capacity 82270K, committed 82984K, reserved 1120256K
  class space    used 10512K, capacity 11135K, committed 11312K, reserved 1048576K
Event: 41.365 GC heap after
Heap after GC invocations=28 (full 4):
 PSYoungGen      total 265728K, used 60909K [0x00000000e0000000, 0x00000000f9580000, 0x0000000100000000)
  eden space 204800K, 0% used [0x00000000e0000000,0x00000000e0000000,0x00000000ec800000)
  from space 60928K, 99% used [0x00000000f1e80000,0x00000000f59fb5f0,0x00000000f5a00000)
  to   space 88576K, 0% used [0x00000000ec800000,0x00000000ec800000,0x00000000f1e80000)
 ParOldGen       total 189952K, used 189284K [0x00000000a0000000, 0x00000000ab980000, 0x00000000e0000000)
  object space 189952K, 99% used [0x00000000a0000000,0x00000000ab8d9278,0x00000000ab980000)
 Metaspace       used 79281K, capacity 82270K, committed 82984K, reserved 1120256K
  class space    used 10512K, capacity 11135K, committed 11312K, reserved 1048576K
}
Event: 41.365 GC heap before
{Heap before GC invocations=29 (full 5):
 PSYoungGen      total 265728K, used 60909K [0x00000000e0000000, 0x00000000f9580000, 0x0000000100000000)
  eden space 204800K, 0% used [0x00000000e0000000,0x00000000e0000000,0x00000000ec800000)
  from space 60928K, 99% used [0x00000000f1e80000,0x00000000f59fb5f0,0x00000000f5a00000)
  to   space 88576K, 0% used [0x00000000ec800000,0x00000000ec800000,0x00000000f1e80000)
 ParOldGen       total 189952K, used 189284K [0x00000000a0000000, 0x00000000ab980000, 0x00000000e0000000)
  object space 189952K, 99% used [0x00000000a0000000,0x00000000ab8d9278,0x00000000ab980000)
 Metaspace       used 79281K, capacity 82270K, committed 82984K, reserved 1120256K
  class space    used 10512K, capacity 11135K, committed 11312K, reserved 1048576K
Event: 42.713 GC heap after
Heap after GC invocations=29 (full 5):
 PSYoungGen      total 265728K, used 17267K [0x00000000e0000000, 0x00000000f9580000, 0x0000000100000000)
  eden space 204800K, 0% used [0x00000000e0000000,0x00000000e0000000,0x00000000ec800000)
  from space 60928K, 28% used [0x00000000f1e80000,0x00000000f2f5cf70,0x00000000f5a00000)
  to   space 88576K, 0% used [0x00000000ec800000,0x00000000ec800000,0x00000000f1e80000)
 ParOldGen       total 310272K, used 189895K [0x00000000a0000000, 0x00000000b2f00000, 0x00000000e0000000)
  object space 310272K, 61% used [0x00000000a0000000,0x00000000ab971dd0,0x00000000b2f00000)
 Metaspace       used 79281K, capacity 82270K, committed 82984K, reserved 1120256K
  class space    used 10512K, capacity 11135K, committed 11312K, reserved 1048576K
}
Event: 45.752 GC heap before
{Heap before GC invocations=30 (full 5):
 PSYoungGen      total 265728K, used 222067K [0x00000000e0000000, 0x00000000f9580000, 0x0000000100000000)
  eden space 204800K, 100% used [0x00000000e0000000,0x00000000ec800000,0x00000000ec800000)
  from space 60928K, 28% used [0x00000000f1e80000,0x00000000f2f5cf70,0x00000000f5a00000)
  to   space 88576K, 0% used [0x00000000ec800000,0x00000000ec800000,0x00000000f1e80000)
 ParOldGen       total 310272K, used 189895K [0x00000000a0000000, 0x00000000b2f00000, 0x00000000e0000000)
  object space 310272K, 61% used [0x00000000a0000000,0x00000000ab971dd0,0x00000000b2f00000)
 Metaspace       used 79316K, capacity 82334K, committed 82984K, reserved 1120256K
  class space    used 10512K, capacity 11135K, committed 11312K, reserved 1048576K
Event: 45.990 GC heap after
Heap after GC invocations=30 (full 5):
 PSYoungGen      total 293376K, used 45689K [0x00000000e0000000, 0x00000000f8b00000, 0x0000000100000000)
  eden space 204800K, 0% used [0x00000000e0000000,0x00000000e0000000,0x00000000ec800000)
  from space 88576K, 51% used [0x00000000ec800000,0x00000000ef49e7b0,0x00000000f1e80000)
  to   space 88576K, 0% used [0x00000000f3480000,0x00000000f3480000,0x00000000f8b00000)
 ParOldGen       total 310272K, used 207012K [0x00000000a0000000, 0x00000000b2f00000, 0x00000000e0000000)
  object space 310272K, 66% used [0x00000000a0000000,0x00000000aca291b0,0x00000000b2f00000)
 Metaspace       used 79316K, capacity 82334K, committed 82984K, reserved 1120256K
  class space    used 10512K, capacity 11135K, committed 11312K, reserved 1048576K
}
Event: 47.511 GC heap before
{Heap before GC invocations=31 (full 5):
 PSYoungGen      total 293376K, used 250489K [0x00000000e0000000, 0x00000000f8b00000, 0x0000000100000000)
  eden space 204800K, 100% used [0x00000000e0000000,0x00000000ec800000,0x00000000ec800000)
  from space 88576K, 51% used [0x00000000ec800000,0x00000000ef49e7b0,0x00000000f1e80000)
  to   space 88576K, 0% used [0x00000000f3480000,0x00000000f3480000,0x00000000f8b00000)
 ParOldGen       total 310272K, used 207012K [0x00000000a0000000, 0x00000000b2f00000, 0x00000000e0000000)
  object space 310272K, 66% used [0x00000000a0000000,0x00000000aca291b0,0x00000000b2f00000)
 Metaspace       used 79613K, capacity 82632K, committed 83240K, reserved 1122304K
  class space    used 10541K, capacity 11194K, committed 11312K, reserved 1048576K
Event: 47.580 GC heap after
Heap after GC invocations=31 (full 5):
 PSYoungGen      total 307712K, used 16550K [0x00000000e0000000, 0x00000000f8380000, 0x0000000100000000)
  eden space 226816K, 0% used [0x00000000e0000000,0x00000000e0000000,0x00000000edd80000)
  from space 80896K, 20% used [0x00000000f3480000,0x00000000f44a9b18,0x00000000f8380000)
  to   space 84992K, 0% used [0x00000000edd80000,0x00000000edd80000,0x00000000f3080000)
 ParOldGen       total 310272K, used 207020K [0x00000000a0000000, 0x00000000b2f00000, 0x00000000e0000000)
  object space 310272K, 66% used [0x00000000a0000000,0x00000000aca2b1b0,0x00000000b2f00000)
 Metaspace       used 79613K, capacity 82632K, committed 83240K, reserved 1122304K
  class space    used 10541K, capacity 11194K, committed 11312K, reserved 1048576K
}
Event: 468.869 GC heap before
{Heap before GC invocations=32 (full 5):
 PSYoungGen      total 307712K, used 243366K [0x00000000e0000000, 0x00000000f8380000, 0x0000000100000000)
  eden space 226816K, 100% used [0x00000000e0000000,0x00000000edd80000,0x00000000edd80000)
  from space 80896K, 20% used [0x00000000f3480000,0x00000000f44a9b18,0x00000000f8380000)
  to   space 84992K, 0% used [0x00000000edd80000,0x00000000edd80000,0x00000000f3080000)
 ParOldGen       total 310272K, used 207020K [0x00000000a0000000, 0x00000000b2f00000, 0x00000000e0000000)
  object space 310272K, 66% used [0x00000000a0000000,0x00000000aca2b1b0,0x00000000b2f00000)
 Metaspace       used 86036K, capacity 89418K, committed 89512K, reserved 1126400K
  class space    used 11218K, capacity 11943K, committed 11952K, reserved 1048576K
Event: 470.597 GC heap after
Heap after GC invocations=32 (full 5):
 PSYoungGen      total 311808K, used 47880K [0x00000000e0000000, 0x00000000f9a80000, 0x0000000100000000)
  eden space 226816K, 0% used [0x00000000e0000000,0x00000000e0000000,0x00000000edd80000)
  from space 84992K, 56% used [0x00000000edd80000,0x00000000f0c42190,0x00000000f3080000)
  to   space 86528K, 0% used [0x00000000f4600000,0x00000000f4600000,0x00000000f9a80000)
 ParOldGen       total 310272K, used 207028K [0x00000000a0000000, 0x00000000b2f00000, 0x00000000e0000000)
  object space 310272K, 66% used [0x00000000a0000000,0x00000000aca2d1b0,0x00000000b2f00000)
 Metaspace       used 86036K, capacity 89418K, committed 89512K, reserved 1126400K
  class space    used 11218K, capacity 11943K, committed 11952K, reserved 1048576K
}

