# JRE version: OpenJDK Runtime Environment (8.0_212-b04) (build 1.8.0_212-release-1586-b04)
# Java VM: OpenJDK 64-Bit Server VM (25.212-b04 mixed mode windows-amd64 compressed oops)
Heap:
 PSYoungGen      total 363520K, used 130678K [0x00000000e0000000, 0x00000000ff680000, 0x0000000100000000)
  eden space 213504K, 56% used [0x00000000e0000000,0x00000000e759d1f8,0x00000000ed080000)
  from space 150016K, 6% used [0x00000000f6400000,0x00000000f6e008e0,0x00000000ff680000)
  to   space 150528K, 0% used [0x00000000ed080000,0x00000000ed080000,0x00000000f6380000)
 ParOldGen       total 412160K, used 267295K [0x00000000a0000000, 0x00000000b9280000, 0x00000000e0000000)
  object space 412160K, 64% used [0x00000000a0000000,0x00000000b0507c28,0x00000000b9280000)
 Metaspace       used 91221K, capacity 95374K, committed 95528K, reserved 1132544K
  class space    used 11632K, capacity 12473K, committed 12592K, reserved 1048576K
GC Heap History (10 events):
Event: 1247.403 GC heap before
{Heap before GC invocations=48 (full 8):
 PSYoungGen      total 336384K, used 63021K [0x00000000e0000000, 0x00000000ff300000, 0x0000000100000000)
  eden space 175104K, 0% used [0x00000000e0000000,0x00000000e0000000,0x00000000eab00000)
  from space 161280K, 39% used [0x00000000f5580000,0x00000000f930b650,0x00000000ff300000)
  to   space 167936K, 0% used [0x00000000eab00000,0x00000000eab00000,0x00000000f4f00000)
 ParOldGen       total 480768K, used 480547K [0x00000000a0000000, 0x00000000bd580000, 0x00000000e0000000)
  object space 480768K, 99% used [0x00000000a0000000,0x00000000bd548d90,0x00000000bd580000)
 Metaspace       used 90739K, capacity 94784K, committed 94888K, reserved 1132544K
  class space    used 11606K, capacity 12430K, committed 12464K, reserved 1048576K
Event: 1252.184 GC heap after
Heap after GC invocations=48 (full 8):
 PSYoungGen      total 336384K, used 0K [0x00000000e0000000, 0x00000000ff300000, 0x0000000100000000)
  eden space 175104K, 0% used [0x00000000e0000000,0x00000000e0000000,0x00000000eab00000)
  from space 161280K, 0% used [0x00000000f5580000,0x00000000f5580000,0x00000000ff300000)
  to   space 167936K, 0% used [0x00000000eab00000,0x00000000eab00000,0x00000000f4f00000)
 ParOldGen       total 412160K, used 229758K [0x00000000a0000000, 0x00000000b9280000, 0x00000000e0000000)
  object space 412160K, 55% used [0x00000000a0000000,0x00000000ae05f8b8,0x00000000b9280000)
 Metaspace       used 90739K, capacity 94784K, committed 94888K, reserved 1132544K
  class space    used 11606K, capacity 12430K, committed 12464K, reserved 1048576K
}
Event: 1253.661 GC heap before
{Heap before GC invocations=49 (full 8):
 PSYoungGen      total 336384K, used 175104K [0x00000000e0000000, 0x00000000ff300000, 0x0000000100000000)
  eden space 175104K, 100% used [0x00000000e0000000,0x00000000eab00000,0x00000000eab00000)
  from space 161280K, 0% used [0x00000000f5580000,0x00000000f5580000,0x00000000ff300000)
  to   space 167936K, 0% used [0x00000000eab00000,0x00000000eab00000,0x00000000f4f00000)
 ParOldGen       total 412160K, used 229758K [0x00000000a0000000, 0x00000000b9280000, 0x00000000e0000000)
  object space 412160K, 55% used [0x00000000a0000000,0x00000000ae05f8b8,0x00000000b9280000)
 Metaspace       used 90747K, capacity 94784K, committed 94888K, reserved 1132544K
  class space    used 11607K, capacity 12430K, committed 12464K, reserved 1048576K
Event: 1253.708 GC heap after
Heap after GC invocations=49 (full 8):
 PSYoungGen      total 343040K, used 43385K [0x00000000e0000000, 0x00000000ff880000, 0x0000000100000000)
  eden space 175104K, 0% used [0x00000000e0000000,0x00000000e0000000,0x00000000eab00000)
  from space 167936K, 25% used [0x00000000eab00000,0x00000000ed55e720,0x00000000f4f00000)
  to   space 160768K, 0% used [0x00000000f5b80000,0x00000000f5b80000,0x00000000ff880000)
 ParOldGen       total 412160K, used 229758K [0x00000000a0000000, 0x00000000b9280000, 0x00000000e0000000)
  object space 412160K, 55% used [0x00000000a0000000,0x00000000ae05f8b8,0x00000000b9280000)
 Metaspace       used 90747K, capacity 94784K, committed 94888K, reserved 1132544K
  class space    used 11607K, capacity 12430K, committed 12464K, reserved 1048576K
}
Event: 1254.065 GC heap before
{Heap before GC invocations=50 (full 8):
 PSYoungGen      total 343040K, used 218489K [0x00000000e0000000, 0x00000000ff880000, 0x0000000100000000)
  eden space 175104K, 100% used [0x00000000e0000000,0x00000000eab00000,0x00000000eab00000)
  from space 167936K, 25% used [0x00000000eab00000,0x00000000ed55e720,0x00000000f4f00000)
  to   space 160768K, 0% used [0x00000000f5b80000,0x00000000f5b80000,0x00000000ff880000)
 ParOldGen       total 412160K, used 229758K [0x00000000a0000000, 0x00000000b9280000, 0x00000000e0000000)
  object space 412160K, 55% used [0x00000000a0000000,0x00000000ae05f8b8,0x00000000b9280000)
 Metaspace       used 90750K, capacity 94784K, committed 94888K, reserved 1132544K
  class space    used 11607K, capacity 12430K, committed 12464K, reserved 1048576K
Event: 1254.209 GC heap after
Heap after GC invocations=50 (full 8):
 PSYoungGen      total 350720K, used 20726K [0x00000000e0000000, 0x00000000ff300000, 0x0000000100000000)
  eden space 195584K, 0% used [0x00000000e0000000,0x00000000e0000000,0x00000000ebf00000)
  from space 155136K, 13% used [0x00000000f5b80000,0x00000000f6fbd9c0,0x00000000ff300000)
  to   space 157696K, 0% used [0x00000000ebf00000,0x00000000ebf00000,0x00000000f5900000)
 ParOldGen       total 412160K, used 263720K [0x00000000a0000000, 0x00000000b9280000, 0x00000000e0000000)
  object space 412160K, 63% used [0x00000000a0000000,0x00000000b018a1c8,0x00000000b9280000)
 Metaspace       used 90750K, capacity 94784K, committed 94888K, reserved 1132544K
  class space    used 11607K, capacity 12430K, committed 12464K, reserved 1048576K
}
Event: 2966.867 GC heap before
{Heap before GC invocations=51 (full 8):
 PSYoungGen      total 350720K, used 216310K [0x00000000e0000000, 0x00000000ff300000, 0x0000000100000000)
  eden space 195584K, 100% used [0x00000000e0000000,0x00000000ebf00000,0x00000000ebf00000)
  from space 155136K, 13% used [0x00000000f5b80000,0x00000000f6fbd9c0,0x00000000ff300000)
  to   space 157696K, 0% used [0x00000000ebf00000,0x00000000ebf00000,0x00000000f5900000)
 ParOldGen       total 412160K, used 263720K [0x00000000a0000000, 0x00000000b9280000, 0x00000000e0000000)
  object space 412160K, 63% used [0x00000000a0000000,0x00000000b018a1c8,0x00000000b9280000)
 Metaspace       used 91038K, capacity 95134K, committed 95272K, reserved 1132544K
  class space    used 11626K, capacity 12465K, committed 12592K, reserved 1048576K
Event: 2968.507 GC heap after
Heap after GC invocations=51 (full 8):
 PSYoungGen      total 353280K, used 25892K [0x00000000e0000000, 0x00000000ff980000, 0x0000000100000000)
  eden space 195584K, 0% used [0x00000000e0000000,0x00000000e0000000,0x00000000ebf00000)
  from space 157696K, 16% used [0x00000000ebf00000,0x00000000ed849000,0x00000000f5900000)
  to   space 153088K, 0% used [0x00000000f6400000,0x00000000f6400000,0x00000000ff980000)
 ParOldGen       total 412160K, used 266384K [0x00000000a0000000, 0x00000000b9280000, 0x00000000e0000000)
  object space 412160K, 64% used [0x00000000a0000000,0x00000000b0424268,0x00000000b9280000)
 Metaspace       used 91038K, capacity 95134K, committed 95272K, reserved 1132544K
  class space    used 11626K, capacity 12465K, committed 12592K, reserved 1048576K
}
Event: 2980.474 GC heap before
{Heap before GC invocations=52 (full 8):
 PSYoungGen      total 353280K, used 221476K [0x00000000e0000000, 0x00000000ff980000, 0x0000000100000000)
  eden space 195584K, 100% used [0x00000000e0000000,0x00000000ebf00000,0x00000000ebf00000)
  from space 157696K, 16% used [0x00000000ebf00000,0x00000000ed849000,0x00000000f5900000)
  to   space 153088K, 0% used [0x00000000f6400000,0x00000000f6400000,0x00000000ff980000)
 ParOldGen       total 412160K, used 266384K [0x00000000a0000000, 0x00000000b9280000, 0x00000000e0000000)
  object space 412160K, 64% used [0x00000000a0000000,0x00000000b0424268,0x00000000b9280000)
 Metaspace       used 91155K, capacity 95262K, committed 95528K, reserved 1132544K
  class space    used 11627K, capacity 12465K, committed 12592K, reserved 1048576K
Event: 2980.932 GC heap after
Heap after GC invocations=52 (full 8):
 PSYoungGen      total 363520K, used 10242K [0x00000000e0000000, 0x00000000ff680000, 0x0000000100000000)
  eden space 213504K, 0% used [0x00000000e0000000,0x00000000e0000000,0x00000000ed080000)
  from space 150016K, 6% used [0x00000000f6400000,0x00000000f6e008e0,0x00000000ff680000)
  to   space 150528K, 0% used [0x00000000ed080000,0x00000000ed080000,0x00000000f6380000)
 ParOldGen       total 412160K, used 267295K [0x00000000a0000000, 0x00000000b9280000, 0x00000000e0000000)
  object space 412160K, 64% used [0x00000000a0000000,0x00000000b0507c28,0x00000000b9280000)
 Metaspace       used 91155K, capacity 95262K, committed 95528K, reserved 1132544K
  class space    used 11627K, capacity 12465K, committed 12592K, reserved 1048576K
}

